
*** Running vivado
    with args -log design_1_LUT_0_0.vds -m64 -product Vivado -mode batch -messageDb vivado.pb -notrace -source design_1_LUT_0_0.tcl


****** Vivado v2021.1.1 (64-bit)
  **** SW Build 3286242 on Wed Jul 28 13:09:46 MDT 2021
  **** IP Build 3279568 on Wed Jul 28 16:48:48 MDT 2021
    ** Copyright 1986-2021 Xilinx, Inc. All Rights Reserved.

Sourcing tcl script '/home/esme/.Xilinx/Vivado/Vivado_init.tcl'
source design_1_LUT_0_0.tcl -notrace
INFO: [IP_Flow 19-234] Refreshing IP repositories
INFO: [IP_Flow 19-1704] No user IP repositories specified
INFO: [IP_Flow 19-2313] Loaded Vivado IP repository '/mnt/data0/xilinx/Vivado/2021.1/data/ip'.
Command: synth_design -top design_1_LUT_0_0 -part xc7z020clg400-1 -mode out_of_context
Starting synth_design
Attempting to get a license for feature 'Synthesis' and/or device 'xc7z020'
INFO: [Common 17-349] Got license for feature 'Synthesis' and/or device 'xc7z020'
INFO: [Synth 8-7079] Multithreading enabled for synth_design using a maximum of 4 processes.
INFO: [Synth 8-7078] Launching helper process for spawning children vivado processes
INFO: [Synth 8-7075] Helper process launched with PID 3067791
---------------------------------------------------------------------------------
Starting Synthesize : Time (s): cpu = 00:00:03 ; elapsed = 00:00:05 . Memory (MB): peak = 2519.777 ; gain = 0.000 ; free physical = 337 ; free virtual = 13610
---------------------------------------------------------------------------------
INFO: [Synth 8-638] synthesizing module 'design_1_LUT_0_0' [/home/esme/Desktop/VivadoProjects/EmbeddedSystems/UART2PWM/project_uart_pwm/project_uart_pwm.gen/sources_1/bd/design_1/ip/design_1_LUT_0_0/synth/design_1_LUT_0_0.vhd:63]
INFO: [Synth 8-3491] module 'LUT' declared at '/home/esme/Desktop/VivadoProjects/EmbeddedSystems/UART2PWM/project_uart_pwm/project_uart_pwm.srcs/sources_1/new/LUT.vhd:34' bound to instance 'U0' of component 'LUT' [/home/esme/Desktop/VivadoProjects/EmbeddedSystems/UART2PWM/project_uart_pwm/project_uart_pwm.gen/sources_1/bd/design_1/ip/design_1_LUT_0_0/synth/design_1_LUT_0_0.vhd:81]
INFO: [Synth 8-638] synthesizing module 'LUT' [/home/esme/Desktop/VivadoProjects/EmbeddedSystems/UART2PWM/project_uart_pwm/project_uart_pwm.srcs/sources_1/new/LUT.vhd:39]
INFO: [Synth 8-226] default block is never used [/home/esme/Desktop/VivadoProjects/EmbeddedSystems/UART2PWM/project_uart_pwm/project_uart_pwm.srcs/sources_1/new/LUT.vhd:44]
INFO: [Synth 8-256] done synthesizing module 'LUT' (1#1) [/home/esme/Desktop/VivadoProjects/EmbeddedSystems/UART2PWM/project_uart_pwm/project_uart_pwm.srcs/sources_1/new/LUT.vhd:39]
INFO: [Synth 8-256] done synthesizing module 'design_1_LUT_0_0' (2#1) [/home/esme/Desktop/VivadoProjects/EmbeddedSystems/UART2PWM/project_uart_pwm/project_uart_pwm.gen/sources_1/bd/design_1/ip/design_1_LUT_0_0/synth/design_1_LUT_0_0.vhd:63]
---------------------------------------------------------------------------------
Finished Synthesize : Time (s): cpu = 00:00:03 ; elapsed = 00:00:07 . Memory (MB): peak = 2519.777 ; gain = 0.000 ; free physical = 574 ; free virtual = 13592
---------------------------------------------------------------------------------
---------------------------------------------------------------------------------
Finished Constraint Validation : Time (s): cpu = 00:00:04 ; elapsed = 00:00:07 . Memory (MB): peak = 2519.777 ; gain = 0.000 ; free physical = 719 ; free virtual = 13737
---------------------------------------------------------------------------------
---------------------------------------------------------------------------------
Start Loading Part and Timing Information
---------------------------------------------------------------------------------
Loading part: xc7z020clg400-1
---------------------------------------------------------------------------------
Finished Loading Part and Timing Information : Time (s): cpu = 00:00:04 ; elapsed = 00:00:07 . Memory (MB): peak = 2527.684 ; gain = 7.906 ; free physical = 731 ; free virtual = 13749
---------------------------------------------------------------------------------
INFO: [Device 21-403] Loading part xc7z020clg400-1
---------------------------------------------------------------------------------
Finished RTL Optimization Phase 2 : Time (s): cpu = 00:00:04 ; elapsed = 00:00:07 . Memory (MB): peak = 2527.684 ; gain = 7.906 ; free physical = 1295 ; free virtual = 14312
---------------------------------------------------------------------------------
No constraint files found.
---------------------------------------------------------------------------------
Start RTL Component Statistics 
---------------------------------------------------------------------------------
Detailed RTL Component Info : 
---------------------------------------------------------------------------------
Finished RTL Component Statistics 
---------------------------------------------------------------------------------
---------------------------------------------------------------------------------
Start Part Resource Summary
---------------------------------------------------------------------------------
Part Resources:
DSPs: 220 (col length:60)
BRAMs: 280 (col length: RAMB18 60 RAMB36 30)
---------------------------------------------------------------------------------
Finished Part Resource Summary
---------------------------------------------------------------------------------
No constraint files found.
---------------------------------------------------------------------------------
Start Cross Boundary and Area Optimization
---------------------------------------------------------------------------------
---------------------------------------------------------------------------------
Finished Cross Boundary and Area Optimization : Time (s): cpu = 00:00:06 ; elapsed = 00:00:10 . Memory (MB): peak = 2527.684 ; gain = 7.906 ; free physical = 1346 ; free virtual = 14366
---------------------------------------------------------------------------------
No constraint files found.
---------------------------------------------------------------------------------
Start Timing Optimization
---------------------------------------------------------------------------------
---------------------------------------------------------------------------------
Finished Timing Optimization : Time (s): cpu = 00:00:07 ; elapsed = 00:00:10 . Memory (MB): peak = 2527.684 ; gain = 7.906 ; free physical = 1344 ; free virtual = 14364
---------------------------------------------------------------------------------
---------------------------------------------------------------------------------
Start Technology Mapping
---------------------------------------------------------------------------------
---------------------------------------------------------------------------------
Finished Technology Mapping : Time (s): cpu = 00:00:07 ; elapsed = 00:00:10 . Memory (MB): peak = 2527.684 ; gain = 7.906 ; free physical = 1344 ; free virtual = 14364
---------------------------------------------------------------------------------
---------------------------------------------------------------------------------
Start IO Insertion
---------------------------------------------------------------------------------
---------------------------------------------------------------------------------
Start Flattening Before IO Insertion
---------------------------------------------------------------------------------
---------------------------------------------------------------------------------
Finished Flattening Before IO Insertion
---------------------------------------------------------------------------------
---------------------------------------------------------------------------------
Start Final Netlist Cleanup
---------------------------------------------------------------------------------
---------------------------------------------------------------------------------
Finished Final Netlist Cleanup
---------------------------------------------------------------------------------
---------------------------------------------------------------------------------
Finished IO Insertion : Time (s): cpu = 00:00:09 ; elapsed = 00:00:13 . Memory (MB): peak = 2527.684 ; gain = 7.906 ; free physical = 1589 ; free virtual = 14609
---------------------------------------------------------------------------------
---------------------------------------------------------------------------------
Start Renaming Generated Instances
---------------------------------------------------------------------------------
---------------------------------------------------------------------------------
Finished Renaming Generated Instances : Time (s): cpu = 00:00:09 ; elapsed = 00:00:13 . Memory (MB): peak = 2527.684 ; gain = 7.906 ; free physical = 1588 ; free virtual = 14609
---------------------------------------------------------------------------------
---------------------------------------------------------------------------------
Start Rebuilding User Hierarchy
---------------------------------------------------------------------------------
---------------------------------------------------------------------------------
Finished Rebuilding User Hierarchy : Time (s): cpu = 00:00:09 ; elapsed = 00:00:13 . Memory (MB): peak = 2527.684 ; gain = 7.906 ; free physical = 1587 ; free virtual = 14607
---------------------------------------------------------------------------------
---------------------------------------------------------------------------------
Start Renaming Generated Ports
---------------------------------------------------------------------------------
---------------------------------------------------------------------------------
Finished Renaming Generated Ports : Time (s): cpu = 00:00:09 ; elapsed = 00:00:13 . Memory (MB): peak = 2527.684 ; gain = 7.906 ; free physical = 1586 ; free virtual = 14606
---------------------------------------------------------------------------------
---------------------------------------------------------------------------------
Start Handling Custom Attributes
---------------------------------------------------------------------------------
---------------------------------------------------------------------------------
Finished Handling Custom Attributes : Time (s): cpu = 00:00:09 ; elapsed = 00:00:13 . Memory (MB): peak = 2527.684 ; gain = 7.906 ; free physical = 1585 ; free virtual = 14605
---------------------------------------------------------------------------------
---------------------------------------------------------------------------------
Start Renaming Generated Nets
---------------------------------------------------------------------------------
---------------------------------------------------------------------------------
Finished Renaming Generated Nets : Time (s): cpu = 00:00:09 ; elapsed = 00:00:13 . Memory (MB): peak = 2527.684 ; gain = 7.906 ; free physical = 1584 ; free virtual = 14604
---------------------------------------------------------------------------------
---------------------------------------------------------------------------------
Start Writing Synthesis Report
---------------------------------------------------------------------------------

Report BlackBoxes: 
+-+--------------+----------+
| |BlackBox name |Instances |
+-+--------------+----------+
+-+--------------+----------+

Report Cell Usage: 
+------+-----+------+
|      |Cell |Count |
+------+-----+------+
|1     |LUT2 |     1|
|2     |LUT3 |     2|
|3     |LUT4 |    16|
+------+-----+------+

Report Instance Areas: 
+------+---------+-------+------+
|      |Instance |Module |Cells |
+------+---------+-------+------+
|1     |top      |       |    19|
|2     |  U0     |LUT    |    19|
+------+---------+-------+------+
---------------------------------------------------------------------------------
Finished Writing Synthesis Report : Time (s): cpu = 00:00:09 ; elapsed = 00:00:13 . Memory (MB): peak = 2527.684 ; gain = 7.906 ; free physical = 1583 ; free virtual = 14603
---------------------------------------------------------------------------------
Synthesis finished with 0 errors, 0 critical warnings and 0 warnings.
Synthesis Optimization Runtime : Time (s): cpu = 00:00:09 ; elapsed = 00:00:13 . Memory (MB): peak = 2527.684 ; gain = 7.906 ; free physical = 1575 ; free virtual = 14596
Synthesis Optimization Complete : Time (s): cpu = 00:00:09 ; elapsed = 00:00:13 . Memory (MB): peak = 2527.691 ; gain = 7.906 ; free physical = 1574 ; free virtual = 14594
INFO: [Project 1-571] Translating synthesized netlist
Netlist sorting complete. Time (s): cpu = 00:00:00 ; elapsed = 00:00:00 . Memory (MB): peak = 2527.691 ; gain = 0.000 ; free physical = 1539 ; free virtual = 14559
INFO: [Project 1-570] Preparing netlist for logic optimization
INFO: [Opt 31-138] Pushed 0 inverter(s) to 0 load pin(s).
Netlist sorting complete. Time (s): cpu = 00:00:00 ; elapsed = 00:00:00 . Memory (MB): peak = 2583.711 ; gain = 0.000 ; free physical = 1827 ; free virtual = 14847
INFO: [Project 1-111] Unisim Transformation Summary:
No Unisim elements were transformed.

Synth Design complete, checksum: b64ef364
INFO: [Common 17-83] Releasing license: Synthesis
19 Infos, 0 Warnings, 0 Critical Warnings and 0 Errors encountered.
synth_design completed successfully
synth_design: Time (s): cpu = 00:00:15 ; elapsed = 00:00:14 . Memory (MB): peak = 2583.711 ; gain = 64.031 ; free physical = 1972 ; free virtual = 14993
INFO: [Timing 38-35] Done setting XDC timing constraints.
INFO: [Common 17-1381] The checkpoint '/home/esme/Desktop/VivadoProjects/EmbeddedSystems/UART2PWM/project_uart_pwm/project_uart_pwm.runs/design_1_LUT_0_0_synth_1/design_1_LUT_0_0.dcp' has been generated.
INFO: [Coretcl 2-1648] Added synthesis output to IP cache for IP design_1_LUT_0_0, cache-ID = e2677afff8c817ed
INFO: [Common 17-1381] The checkpoint '/home/esme/Desktop/VivadoProjects/EmbeddedSystems/UART2PWM/project_uart_pwm/project_uart_pwm.runs/design_1_LUT_0_0_synth_1/design_1_LUT_0_0.dcp' has been generated.
INFO: [runtcl-4] Executing : report_utilization -file design_1_LUT_0_0_utilization_synth.rpt -pb design_1_LUT_0_0_utilization_synth.pb
INFO: [Common 17-206] Exiting Vivado at Mon Sep 27 17:25:31 2021...
