
*** Running vivado
    with args -log design_1_LUT_0_0.vds -m64 -product Vivado -mode batch -messageDb vivado.pb -notrace -source design_1_LUT_0_0.tcl


****** Vivado v2021.1.1 (64-bit)
  **** SW Build 3286242 on Wed Jul 28 13:09:46 MDT 2021
  **** IP Build 3279568 on Wed Jul 28 16:48:48 MDT 2021
    ** Copyright 1986-2021 Xilinx, Inc. All Rights Reserved.

Sourcing tcl script '/home/esme/.Xilinx/Vivado/Vivado_init.tcl'
source design_1_LUT_0_0.tcl -notrace
INFO: [IP_Flow 19-234] Refreshing IP repositories
INFO: [IP_Flow 19-1704] No user IP repositories specified
INFO: [IP_Flow 19-2313] Loaded Vivado IP repository '/mnt/data0/xilinx/Vivado/2021.1/data/ip'.
Command: synth_design -top design_1_LUT_0_0 -part xc7z020clg400-1 -mode out_of_context
Starting synth_design
Attempting to get a license for feature 'Synthesis' and/or device 'xc7z020'
INFO: [Common 17-349] Got license for feature 'Synthesis' and/or device 'xc7z020'
INFO: [Synth 8-7079] Multithreading enabled for synth_design using a maximum of 4 processes.
INFO: [Synth 8-7078] Launching helper process for spawning children vivado processes
INFO: [Synth 8-7075] Helper process launched with PID 10506
---------------------------------------------------------------------------------
Starting Synthesize : Time (s): cpu = 00:00:03 ; elapsed = 00:00:04 . Memory (MB): peak = 2560.777 ; gain = 0.000 ; free physical = 10869 ; free virtual = 21541
---------------------------------------------------------------------------------
INFO: [Synth 8-638] synthesizing module 'design_1_LUT_0_0' [/home/esme/Desktop/VivadoProjects/EmbeddedSystems/UART_Gripper/UART_Gripper.gen/sources_1/bd/design_1/ip/design_1_LUT_0_0/synth/design_1_LUT_0_0.vhd:63]
INFO: [Synth 8-3491] module 'LUT' declared at '/home/esme/Desktop/VivadoProjects/EmbeddedSystems/UART_Gripper/UART_Gripper.srcs/sources_1/new/LUT.vhd:34' bound to instance 'U0' of component 'LUT' [/home/esme/Desktop/VivadoProjects/EmbeddedSystems/UART_Gripper/UART_Gripper.gen/sources_1/bd/design_1/ip/design_1_LUT_0_0/synth/design_1_LUT_0_0.vhd:81]
INFO: [Synth 8-638] synthesizing module 'LUT' [/home/esme/Desktop/VivadoProjects/EmbeddedSystems/UART_Gripper/UART_Gripper.srcs/sources_1/new/LUT.vhd:39]
INFO: [Synth 8-226] default block is never used [/home/esme/Desktop/VivadoProjects/EmbeddedSystems/UART_Gripper/UART_Gripper.srcs/sources_1/new/LUT.vhd:44]
INFO: [Synth 8-256] done synthesizing module 'LUT' (1#1) [/home/esme/Desktop/VivadoProjects/EmbeddedSystems/UART_Gripper/UART_Gripper.srcs/sources_1/new/LUT.vhd:39]
INFO: [Synth 8-256] done synthesizing module 'design_1_LUT_0_0' (2#1) [/home/esme/Desktop/VivadoProjects/EmbeddedSystems/UART_Gripper/UART_Gripper.gen/sources_1/bd/design_1/ip/design_1_LUT_0_0/synth/design_1_LUT_0_0.vhd:63]
---------------------------------------------------------------------------------
Finished Synthesize : Time (s): cpu = 00:00:04 ; elapsed = 00:00:05 . Memory (MB): peak = 2560.777 ; gain = 0.000 ; free physical = 9991 ; free virtual = 20670
---------------------------------------------------------------------------------
---------------------------------------------------------------------------------
Finished Constraint Validation : Time (s): cpu = 00:00:04 ; elapsed = 00:00:05 . Memory (MB): peak = 2560.777 ; gain = 0.000 ; free physical = 8951 ; free virtual = 19631
---------------------------------------------------------------------------------
---------------------------------------------------------------------------------
Start Loading Part and Timing Information
---------------------------------------------------------------------------------
Loading part: xc7z020clg400-1
---------------------------------------------------------------------------------
Finished Loading Part and Timing Information : Time (s): cpu = 00:00:04 ; elapsed = 00:00:05 . Memory (MB): peak = 2568.684 ; gain = 7.906 ; free physical = 8926 ; free virtual = 19605
---------------------------------------------------------------------------------
INFO: [Device 21-403] Loading part xc7z020clg400-1
---------------------------------------------------------------------------------
Finished RTL Optimization Phase 2 : Time (s): cpu = 00:00:04 ; elapsed = 00:00:05 . Memory (MB): peak = 2568.684 ; gain = 7.906 ; free physical = 8770 ; free virtual = 19453
---------------------------------------------------------------------------------
No constraint files found.
---------------------------------------------------------------------------------
Start RTL Component Statistics 
---------------------------------------------------------------------------------
Detailed RTL Component Info : 
---------------------------------------------------------------------------------
Finished RTL Component Statistics 
---------------------------------------------------------------------------------
---------------------------------------------------------------------------------
Start Part Resource Summary
---------------------------------------------------------------------------------
Part Resources:
DSPs: 220 (col length:60)
BRAMs: 280 (col length: RAMB18 60 RAMB36 30)
---------------------------------------------------------------------------------
Finished Part Resource Summary
---------------------------------------------------------------------------------
No constraint files found.
---------------------------------------------------------------------------------
Start Cross Boundary and Area Optimization
---------------------------------------------------------------------------------
---------------------------------------------------------------------------------
Finished Cross Boundary and Area Optimization : Time (s): cpu = 00:00:07 ; elapsed = 00:00:09 . Memory (MB): peak = 2568.684 ; gain = 7.906 ; free physical = 9258 ; free virtual = 19986
---------------------------------------------------------------------------------
No constraint files found.
---------------------------------------------------------------------------------
Start Timing Optimization
---------------------------------------------------------------------------------
---------------------------------------------------------------------------------
Finished Timing Optimization : Time (s): cpu = 00:00:07 ; elapsed = 00:00:09 . Memory (MB): peak = 2568.684 ; gain = 7.906 ; free physical = 9225 ; free virtual = 19953
---------------------------------------------------------------------------------
---------------------------------------------------------------------------------
Start Technology Mapping
---------------------------------------------------------------------------------
---------------------------------------------------------------------------------
Finished Technology Mapping : Time (s): cpu = 00:00:07 ; elapsed = 00:00:09 . Memory (MB): peak = 2568.684 ; gain = 7.906 ; free physical = 9226 ; free virtual = 19955
---------------------------------------------------------------------------------
---------------------------------------------------------------------------------
Start IO Insertion
---------------------------------------------------------------------------------
---------------------------------------------------------------------------------
Start Flattening Before IO Insertion
---------------------------------------------------------------------------------
---------------------------------------------------------------------------------
Finished Flattening Before IO Insertion
---------------------------------------------------------------------------------
---------------------------------------------------------------------------------
Start Final Netlist Cleanup
---------------------------------------------------------------------------------
---------------------------------------------------------------------------------
Finished Final Netlist Cleanup
---------------------------------------------------------------------------------
---------------------------------------------------------------------------------
Finished IO Insertion : Time (s): cpu = 00:00:09 ; elapsed = 00:00:12 . Memory (MB): peak = 2568.684 ; gain = 7.906 ; free physical = 9169 ; free virtual = 19902
---------------------------------------------------------------------------------
---------------------------------------------------------------------------------
Start Renaming Generated Instances
---------------------------------------------------------------------------------
---------------------------------------------------------------------------------
Finished Renaming Generated Instances : Time (s): cpu = 00:00:09 ; elapsed = 00:00:12 . Memory (MB): peak = 2568.684 ; gain = 7.906 ; free physical = 9168 ; free virtual = 19902
---------------------------------------------------------------------------------
---------------------------------------------------------------------------------
Start Rebuilding User Hierarchy
---------------------------------------------------------------------------------
---------------------------------------------------------------------------------
Finished Rebuilding User Hierarchy : Time (s): cpu = 00:00:09 ; elapsed = 00:00:12 . Memory (MB): peak = 2568.684 ; gain = 7.906 ; free physical = 9168 ; free virtual = 19902
---------------------------------------------------------------------------------
---------------------------------------------------------------------------------
Start Renaming Generated Ports
---------------------------------------------------------------------------------
---------------------------------------------------------------------------------
Finished Renaming Generated Ports : Time (s): cpu = 00:00:09 ; elapsed = 00:00:12 . Memory (MB): peak = 2568.684 ; gain = 7.906 ; free physical = 9168 ; free virtual = 19902
---------------------------------------------------------------------------------
---------------------------------------------------------------------------------
Start Handling Custom Attributes
---------------------------------------------------------------------------------
---------------------------------------------------------------------------------
Finished Handling Custom Attributes : Time (s): cpu = 00:00:09 ; elapsed = 00:00:12 . Memory (MB): peak = 2568.684 ; gain = 7.906 ; free physical = 9168 ; free virtual = 19901
---------------------------------------------------------------------------------
---------------------------------------------------------------------------------
Start Renaming Generated Nets
---------------------------------------------------------------------------------
---------------------------------------------------------------------------------
Finished Renaming Generated Nets : Time (s): cpu = 00:00:09 ; elapsed = 00:00:12 . Memory (MB): peak = 2568.684 ; gain = 7.906 ; free physical = 9168 ; free virtual = 19901
---------------------------------------------------------------------------------
---------------------------------------------------------------------------------
Start Writing Synthesis Report
---------------------------------------------------------------------------------

Report BlackBoxes: 
+-+--------------+----------+
| |BlackBox name |Instances |
+-+--------------+----------+
+-+--------------+----------+

Report Cell Usage: 
+------+-----+------+
|      |Cell |Count |
+------+-----+------+
|1     |LUT2 |     1|
|2     |LUT3 |     2|
|3     |LUT4 |    18|
+------+-----+------+

Report Instance Areas: 
+------+---------+-------+------+
|      |Instance |Module |Cells |
+------+---------+-------+------+
|1     |top      |       |    21|
|2     |  U0     |LUT    |    21|
+------+---------+-------+------+
---------------------------------------------------------------------------------
Finished Writing Synthesis Report : Time (s): cpu = 00:00:09 ; elapsed = 00:00:12 . Memory (MB): peak = 2568.684 ; gain = 7.906 ; free physical = 9168 ; free virtual = 19901
---------------------------------------------------------------------------------
Synthesis finished with 0 errors, 0 critical warnings and 0 warnings.
Synthesis Optimization Runtime : Time (s): cpu = 00:00:09 ; elapsed = 00:00:12 . Memory (MB): peak = 2568.684 ; gain = 7.906 ; free physical = 9169 ; free virtual = 19903
Synthesis Optimization Complete : Time (s): cpu = 00:00:09 ; elapsed = 00:00:12 . Memory (MB): peak = 2568.691 ; gain = 7.906 ; free physical = 9169 ; free virtual = 19903
INFO: [Project 1-571] Translating synthesized netlist
Netlist sorting complete. Time (s): cpu = 00:00:00 ; elapsed = 00:00:00 . Memory (MB): peak = 2568.691 ; gain = 0.000 ; free physical = 9155 ; free virtual = 19889
INFO: [Project 1-570] Preparing netlist for logic optimization
INFO: [Opt 31-138] Pushed 0 inverter(s) to 0 load pin(s).
Netlist sorting complete. Time (s): cpu = 00:00:00.01 ; elapsed = 00:00:00 . Memory (MB): peak = 2624.711 ; gain = 0.000 ; free physical = 9241 ; free virtual = 19993
INFO: [Project 1-111] Unisim Transformation Summary:
No Unisim elements were transformed.

Synth Design complete, checksum: a6c293fd
INFO: [Common 17-83] Releasing license: Synthesis
19 Infos, 0 Warnings, 0 Critical Warnings and 0 Errors encountered.
synth_design completed successfully
synth_design: Time (s): cpu = 00:00:16 ; elapsed = 00:00:13 . Memory (MB): peak = 2624.711 ; gain = 64.031 ; free physical = 9420 ; free virtual = 20173
INFO: [Timing 38-35] Done setting XDC timing constraints.
INFO: [Common 17-1381] The checkpoint '/home/esme/Desktop/VivadoProjects/EmbeddedSystems/UART_Gripper/UART_Gripper.runs/design_1_LUT_0_0_synth_1/design_1_LUT_0_0.dcp' has been generated.
INFO: [Coretcl 2-1648] Added synthesis output to IP cache for IP design_1_LUT_0_0, cache-ID = 73fdb07acd697124
INFO: [Common 17-1381] The checkpoint '/home/esme/Desktop/VivadoProjects/EmbeddedSystems/UART_Gripper/UART_Gripper.runs/design_1_LUT_0_0_synth_1/design_1_LUT_0_0.dcp' has been generated.
INFO: [runtcl-4] Executing : report_utilization -file design_1_LUT_0_0_utilization_synth.rpt -pb design_1_LUT_0_0_utilization_synth.pb
INFO: [Common 17-206] Exiting Vivado at Mon Nov  1 18:23:09 2021...
